C51 COMPILER V9.59.0.0   MAIN                                                              08/10/2018 23:15:04 PAGE 1   


C51 COMPILER V9.59.0.0, COMPILATION OF MODULE MAIN
OBJECT MODULE PLACED IN .\Objects\main.obj
COMPILER INVOKED BY: C:\Keil_v5\C51\BIN\C51.EXE main.c OPTIMIZE(8,SPEED) BROWSE DEBUG OBJECTEXTEND PRINT(.\Listings\main
                    -.lst) TABS(2) OBJECT(.\Objects\main.obj)

line level    source

   1          #include <REGX51.H>
   2          #include <INTRINS.H>
   3          // 行扫描
   4          sbit shcp_h=P2^0;
   5          sbit ds_h=P2^1;
   6          sbit stcp_h=P2^2;
   7          // 列扫描
   8          sbit shcp_l=P2^3;
   9          sbit ds_l=P2^4;
  10          sbit stcp_l=P2^5;
  11          
  12          unsigned char tab[3][32] = {
  13          /*--  Fixedsys12;  此字体下对应的点阵为：宽x高=16x16   --*/
  14          {0x10,0x20,0x10,0x20,0x11,0xFC,0x10,0x20,0xFC,0x20,0x24,0x20,0x27,0xFE,0x24,0x00,
  15          0x24,0x20,0x48,0x20,0x29,0xFC,0x10,0x20,0x28,0x20,0x44,0x20,0x83,0xFE,0x00,0x00},
  16          /*--  文字:  哈  --*/
  17          /*--  Fixedsys12;  此字体下对应的点阵为：宽x高=16x16   --*/
  18          {0x00,0x40,0x00,0x40,0x78,0xA0,0x49,0x10,0x4A,0x08,0x4C,0x06,0x4B,0xF8,0x48,0x00,
  19          0x48,0x00,0x4B,0xF8,0x7A,0x08,0x4A,0x08,0x02,0x08,0x02,0x08,0x03,0xF8,0x02,0x08},
  20          
  21          /*--  文字:  哈  --*/
  22          /*--  Fixedsys12;  此字体下对应的点阵为：宽x高=16x16   --*/
  23          {0x00,0x40,0x00,0x40,0x78,0xA0,0x49,0x10,0x4A,0x08,0x4C,0x06,0x4B,0xF8,0x48,0x00,
  24          0x48,0x00,0x4B,0xF8,0x7A,0x08,0x4A,0x08,0x02,0x08,0x02,0x08,0x03,0xF8,0x02,0x08}
  25          };
  26          
  27          // 行扫描函数
  28          void sendbyte_h(int index){
  29   1        unsigned char i;
  30   1        for(i = 0; i < 16; i++) {
  31   2          shcp_h = 0;
  32   2          if ((16 - index) == i)
  33   2          {
  34   3            ds_h = 0;
  35   3          } else {
  36   3            ds_h = 1;
  37   3          }
  38   2          shcp_h = 1;
  39   2        }
  40   1        
  41   1      }
  42          
  43          // 列扫描函数
  44          void sendbyte_l(unsigned char a, unsigned char b){
  45   1        unsigned char i;
  46   1        // 取反数据
  47   1      //  a = ~a;
  48   1      //  b = ~b;
  49   1        for(i = 0; i < 8; i++) {
  50   2          shcp_l = 0;
  51   2          ds_l = b & 0x01;
  52   2          b = b >> 1;
  53   2          shcp_l = 1;
  54   2        }
C51 COMPILER V9.59.0.0   MAIN                                                              08/10/2018 23:15:04 PAGE 2   

  55   1        for(i = 0; i < 8; i++) {
  56   2          shcp_l = 0;
  57   2          ds_l = a & 0x01;
  58   2          a = a >> 1;
  59   2          shcp_l = 1;
  60   2        }
  61   1        
  62   1      
  63   1      }
  64          void show(){
  65   1        stcp_h = 0;
  66   1        stcp_l = 0;
  67   1        _nop_();
  68   1        stcp_h = 1;
  69   1        stcp_l = 1;
  70   1      }
  71          
  72          void main() {
  73   1        unsigned char i, j;
  74   1        unsigned int f = 5;
  75   1        while(1){
  76   2          for(j = 0; j < 3; j++) {
  77   3            unsigned int n = 50;
  78   3            while(n--) {
  79   4              for(i = 0; i < 16; i++) {
  80   5                sendbyte_l(tab[j][2 * i], tab[j][2 * i + 1]);
  81   5                sendbyte_h(i + 1);
  82   5                show();
  83   5        //        while(f--);
  84   5              }
  85   4            }
  86   3          }
  87   2      
  88   2      //      sendbyte_h(0x36,0x45);
  89   2      //      sendbyte_l(1);
  90   2      //      show();
  91   2      //      while(f--);
  92   2        }
  93   1      }
  94          


MODULE INFORMATION:   STATIC OVERLAYABLE
   CODE SIZE        =    214    ----
   CONSTANT SIZE    =   ----    ----
   XDATA SIZE       =   ----    ----
   PDATA SIZE       =   ----    ----
   DATA SIZE        =     96       4
   IDATA SIZE       =   ----    ----
   BIT SIZE         =   ----    ----
END OF MODULE INFORMATION.


C51 COMPILATION COMPLETE.  0 WARNING(S),  0 ERROR(S)
