C51 COMPILER V9.59.0.0   MAIN                                                              08/16/2018 21:10:08 PAGE 1   


C51 COMPILER V9.59.0.0, COMPILATION OF MODULE MAIN
OBJECT MODULE PLACED IN .\Objects\main.obj
COMPILER INVOKED BY: C:\Keil_v5\C51\BIN\C51.EXE main.c OPTIMIZE(8,SPEED) BROWSE DEBUG OBJECTEXTEND PRINT(.\Listings\main
                    -.lst) TABS(2) OBJECT(.\Objects\main.obj)

line level    source

   1          #include <REGX51.H>
   2          #include <INTRINS.H>
   3          // 模拟软件和实际LED的极型不一样，所以需要两端取反（实际led低为1）
   4          #define SHOW_VALUE 1
   5          // 行扫描
   6          //sbit ds_h=P2^1;
   7          //sbit shcp_h=P2^0;
   8          //sbit stcp_h=P2^2;
   9          //// 列扫描
  10          //sbit ds_l=P2^4;
  11          //sbit shcp_l=P2^3;
  12          //sbit stcp_l=P2^5;
  13          
  14          // 行扫描
  15          sbit ds_h=P1^1;
  16          sbit shcp_h=P3^7;
  17          // 列扫描
  18          sbit ds_l=P3^6;
  19          sbit shcp_l=P3^5;
  20          
  21          sbit stcp=P1^0;
  22          unsigned char tab[] = {
  23          0x00,0x3C,0x06,0x06,0x3E,0x66,0x66,0x3E
  24          };
  25          
  26          // 行扫描函数
  27          void sendbyte_h(int index){
  28   1        unsigned char i;
  29   1        for(i = 0; i < 8; i++) {
  30   2          shcp_h = 0;
  31   2          if ((8 - index) == i)
  32   2          {
  33   3            ds_h = SHOW_VALUE;
  34   3          } else {
  35   3            ds_h = !SHOW_VALUE;
  36   3          }
  37   2          shcp_h = 1;
  38   2        }
  39   1        
  40   1      }
  41          
  42          // 列扫描函数
  43          void sendbyte_l(unsigned char a){
  44   1        unsigned char i;
  45   1        // 取反数据
  46   1        if (SHOW_VALUE)
  47   1        {
  48   2          a = ~a;
  49   2        }
  50   1        for(i = 0; i < 8; i++) {
  51   2          shcp_l = 0;
  52   2          ds_l = a & 0x01;
  53   2          a = a >> 1;
  54   2          shcp_l = 1;
C51 COMPILER V9.59.0.0   MAIN                                                              08/16/2018 21:10:08 PAGE 2   

  55   2        }
  56   1        
  57   1      
  58   1      }
  59          void show(){
  60   1        stcp = 0;
  61   1        _nop_();
  62   1        stcp = 1;
  63   1      }
  64          
  65          void main() {
  66   1      
  67   1        unsigned char i, j;
  68   1        unsigned int f = 50;
  69   1        while(1){
  70   2          for(i = 0; i < 8; i++) {
  71   3            sendbyte_l(tab[i]);
  72   3            sendbyte_h(i + 1);
  73   3            show();
  74   3      //        while(f--);
  75   3          }
  76   2      ////    
  77   2      //      sendbyte_l(0xff);
  78   2      //      sendbyte_h(1);
  79   2      //      show();
  80   2      ////      while(f--);
  81   2        }
  82   1      }
*** WARNING C280 IN LINE 67 OF main.c: 'j': unreferenced local variable
  83          


MODULE INFORMATION:   STATIC OVERLAYABLE
   CODE SIZE        =    128    ----
   CONSTANT SIZE    =   ----    ----
   XDATA SIZE       =   ----    ----
   PDATA SIZE       =   ----    ----
   DATA SIZE        =      8       3
   IDATA SIZE       =   ----    ----
   BIT SIZE         =   ----    ----
END OF MODULE INFORMATION.


C51 COMPILATION COMPLETE.  1 WARNING(S),  0 ERROR(S)
