C51 COMPILER V9.59.0.0   MAIN                                                              11/10/2018 11:34:03 PAGE 1   


C51 COMPILER V9.59.0.0, COMPILATION OF MODULE MAIN
OBJECT MODULE PLACED IN .\Objects\main.obj
COMPILER INVOKED BY: C:\Keil_v5\C51\BIN\C51.EXE main.c OPTIMIZE(8,SPEED) BROWSE DEBUG OBJECTEXTEND PRINT(.\Listings\main
                    -.lst) TABS(2) OBJECT(.\Objects\main.obj)

line level    source

   1          #include <REGX51.H>
   2          #include <string.h>
   3          // 行扫描
   4          sbit shcp_h=P2^2;
   5          sbit ds_h=P2^1;
   6          sbit shcp=P2^0;
   7          // 列扫描
   8          sbit shcp_l=P2^3;
   9          sbit ds_l=P2^4;
  10          
  11          code int tab[64] = {
  12          /*--  Fixedsys12;  此字体下对应的点阵为：宽x高=16x16   --*/
  13          0x10,0x20,0x10,0x20,0x11,0xFC,0x10,0x20,0xFC,0x20,0x24,0x20,0x27,0xFE,0x24,0x00,
  14          0x24,0x20,0x48,0x20,0x29,0xFC,0x10,0x20,0x28,0x20,0x44,0x20,0x83,0xFE,0x00,0x00,
  15          /*--  文字:  哈  --*/
  16          /*--  Fixedsys12;  此字体下对应的点阵为：宽x高=16x16   --*/
  17          0x00,0x40,0x00,0x40,0x78,0xA0,0x49,0x10,0x4A,0x08,0x4C,0x06,0x4B,0xF8,0x48,0x00,
  18          0x48,0x00,0x4B,0xF8,0x7A,0x08,0x4A,0x08,0x02,0x08,0x02,0x08,0x03,0xF8,0x02,0x08,
  19          };
  20          
  21          /**
  22          **********************************************
  23          ***获取数组内元素的相对位置上的bit值**********
  24          ***clo：扫描列；row：扫描行（从最左面开始扫描）
  25          ***arr：需要取值的数组************************
  26          **********************************************
  27          */
  28          int get_bit(int col, int row, int *arr) {
  29   1        // 数组内到第几个元素
  30   1        int arrIndex;
  31   1        // 元素到第几位
  32   1        int valueBit;
  33   1        int cur, ret;
  34   1        int rowIndex, colIndex;
  35   1          // 默认从0开始，因为行列一般从1开始，所以需要转换，原值减去1
  36   1          col = col - 1;
  37   1          row = row - 1;
  38   1        
  39   1        rowIndex = row % 16;
  40   1        colIndex = col / 8;
  41   1        // 如果colIndex大于1，也就是大于 2 * 8,已经换下一个字了所以需要特殊处理
  42   1        arrIndex = 2 * rowIndex + colIndex / 2 * 32 + colIndex % 2;
  43   1        valueBit = col % 8;
  44   1        // cur = arr[arrIndex + 2 * col];
  45   1        cur = arr[arrIndex];
  46   1      
  47   1        // 把需要到位移动到最右面，然后只取最右面到一位数
  48   1        ret = cur >> (8 - valueBit -1);
  49   1        ret = ret & 0x01;
  50   1        return ret;
  51   1      
  52   1      }
  53          
  54          //unsigned long get_row(int col, int row, int *arr){
C51 COMPILER V9.59.0.0   MAIN                                                              11/10/2018 11:34:03 PAGE 2   

  55          //  // 数组内到第几个元素
  56          //  int arrIndex;
  57          //  // 如果colIndex大于1，也就是大于 2 * 8,已经换下一个字了所以需要特殊处理
  58          //  arrIndex = 2 * row + col / 2 * 32 + col % 2;
  59          //}
  60          
  61          
  62          /**
  63          **********************************************
  64          ***获取一行的扫描数据**********
  65          **********************************************
  66          */
  67          
  68          
  69          /*
  70           * 返回位无符号的long，最多为4个字节，即为：4 * 8
  71           * 
  72           * 
  73           */
  74          unsigned long get_row(int col_offset, int row, int *arr, int arrSize){
  75   1        unsigned long ret = 0;
  76   1        // 显示的LED的长度，三个LED，每个8位
  77   1        int ledLen = 3 * 8;
  78   1        int arrLen = arrSize * 8;
  79   1        int col_scan = 1;
  80   1        int col_start, col_end;
  81   1        int i;
  82   1        if(col_offset <= ledLen) {
  83   2          col_start = 1;
  84   2        } else {
  85   2          col_start = col_offset - ledLen;
  86   2        }
  87   1        col_end = col_offset + 1;
  88   1        col_scan = col_start;
  89   1      
  90   1        for(i = col_start; i < col_end; i++) {
  91   2          
  92   2          // 如果扫描的行大于数组的长度，则重新扫描
  93   2          if (i > arrLen && col_scan == 1)
  94   2          {
  95   3            col_scan = 0;
  96   3          }
  97   2          // 先整体右移 
  98   2          ret = ret << 1;
  99   2          // 如果当前位有值则最后为置1
 100   2          
 101   2          if (get_bit(col_scan, row, arr))
 102   2          {
 103   3            ret = ret | 0x01;
 104   3          }
 105   2          col_scan ++;
 106   2        }
 107   1        return ret;
 108   1      }
 109          
 110          
 111          // 行扫描函数
 112          void sendbyte_h(int index){
 113   1        int i;
 114   1        for(i = 0; i < 16; i++) {
 115   2          shcp_h = 0;
 116   2          if ((16 - index) == i)
C51 COMPILER V9.59.0.0   MAIN                                                              11/10/2018 11:34:03 PAGE 3   

 117   2          {
 118   3            ds_h = 0;
 119   3          } else {
 120   3            ds_h = 1;
 121   3          }
 122   2          shcp_h = 1;
 123   2        }
 124   1        
 125   1      }
 126          
 127          // 列扫描函数
 128          void sendbyte_l(unsigned long show_arr){
 129   1        int j;
 130   1        for(j = 0; j < 24; j++) {
 131   2          shcp_l = 0;
 132   2          ds_l = show_arr & 0x01;
 133   2          show_arr = show_arr >> 1;
 134   2          shcp_l = 1;
 135   2        }
 136   1        
 137   1      
 138   1      }
 139          void show(){
 140   1        shcp = 0;
 141   1        _nop_();
*** WARNING C206 IN LINE 141 OF main.c: '_nop_': missing function-prototype
*** ERROR C264 IN LINE 141 OF main.c: intrinsic '_nop_': declaration/activation error
 142   1        shcp = 1;
 143   1      }
 144          
 145          void main() {
 146   1        int i, j;
 147   1        unsigned long show_arr;
 148   1        int size = sizeof(tab) / sizeof(tab[0]); 
 149   1        int delay = 500;
 150   1        while(1){
 151   2          // 行移动，一共有3 * 8个点
 152   2          for (j = 0;j < 24; j++ )
 153   2          {
 154   3            // 列循环，一帧显示数据
 155   3            for(i = 0; i < 16; i++) {
 156   4              show_arr = get_row(j, i, tab, size);
 157   4              sendbyte_l(show_arr);
 158   4              sendbyte_h(i + 1);
 159   4              show();
 160   4            }
 161   3          }
 162   2        }
 163   1      }
 164            

C51 COMPILATION COMPLETE.  1 WARNING(S),  1 ERROR(S)
